[[33mWarning [0m] Parallelism is disabled.
[[35m Debug  [0m] verdict for WithRel? false
[[35m Debug  [0m] verdict for WithProof? false
[[35m Debug  [0m] verdict for ^^? false
[[35m Debug  [0m] verdict for ^^|? false
[[35m Debug  [0m] verdict for ==|? false
[[35m Debug  [0m] verdict for qed? false
[[35m Debug  [0m] verdict for |? false
[[35m Debug  [0m] verdict for |? false
[[35m Debug  [0m] verdict for |? false
[[35m Debug  [0m] verdict for ProofOps? false
[[35m Debug  [0m] verdict for RelReasoning? false
[[35m Debug  [0m] verdict for because? false
[[35m Debug  [0m] verdict for neverHolds? false
[[35m Debug  [0m] verdict for boolean2ProofOps? false
[[35m Debug  [0m] verdict for trivial? false
[[35m Debug  [0m] verdict for by? false
[[35m Debug  [0m] verdict for check? false
[[35m Debug  [0m] verdict for ^^? false
[[35m Debug  [0m] verdict for ==|? false
[[35m Debug  [0m] verdict for qed? false
[[35m Debug  [0m] verdict for any2RelReasoning? false
[[35m Debug  [0m] verdict for List? false
[[35m Debug  [0m] verdict for Cons? false
[[35m Debug  [0m] verdict for Nil? false
[[35m Debug  [0m] verdict for size? false
[[35m Debug  [0m] verdict for length? false
[[35m Debug  [0m] verdict for content? false
[[35m Debug  [0m] verdict for contains? false
[[35m Debug  [0m] verdict for ++? false
[[35m Debug  [0m] verdict for head? false
[[35m Debug  [0m] verdict for tail? false
[[35m Debug  [0m] verdict for apply? false
[[35m Debug  [0m] verdict for ::? false
[[35m Debug  [0m] verdict for :+? false
[[35m Debug  [0m] verdict for reverse? false
[[35m Debug  [0m] verdict for take? false
[[35m Debug  [0m] verdict for drop? false
[[35m Debug  [0m] verdict for slice? false
[[35m Debug  [0m] verdict for replace? false
[[35m Debug  [0m] verdict for chunk0? false
[[35m Debug  [0m] verdict for chunks? false
[[35m Debug  [0m] verdict for zip? false
[[35m Debug  [0m] verdict for -? false
[[35m Debug  [0m] verdict for --? false
[[35m Debug  [0m] verdict for &? false
[[35m Debug  [0m] verdict for padTo? false
[[35m Debug  [0m] verdict for indexOf? false
[[35m Debug  [0m] verdict for init? false
[[35m Debug  [0m] verdict for last? false
[[35m Debug  [0m] verdict for lastOption? false
[[35m Debug  [0m] verdict for headOption? false
[[35m Debug  [0m] verdict for tailOption? false
[[35m Debug  [0m] verdict for unique? false
[[35m Debug  [0m] verdict for splitAt? false
[[35m Debug  [0m] verdict for split? false
[[35m Debug  [0m] verdict for evenSplit? false
[[35m Debug  [0m] verdict for splitAtIndex? false
[[35m Debug  [0m] verdict for updated? false
[[35m Debug  [0m] verdict for insertAtImpl? false
[[35m Debug  [0m] verdict for insertAt? false
[[35m Debug  [0m] verdict for insertAt? false
[[35m Debug  [0m] verdict for replaceAtImpl? false
[[35m Debug  [0m] verdict for replaceAt? false
[[35m Debug  [0m] verdict for rotate? false
[[35m Debug  [0m] verdict for isEmpty? false
[[35m Debug  [0m] verdict for nonEmpty? false
[[35m Debug  [0m] verdict for map? false
[[35m Debug  [0m] verdict for foldLeft? false
[[35m Debug  [0m] verdict for foldRight? false
[[35m Debug  [0m] verdict for scanLeft? false
[[35m Debug  [0m] verdict for scanRight? false
[[35m Debug  [0m] verdict for flatMap? false
[[35m Debug  [0m] verdict for filter? false
[[35m Debug  [0m] verdict for filterNot? false
[[35m Debug  [0m] verdict for partition? false
[[35m Debug  [0m] verdict for withFilter? false
[[35m Debug  [0m] verdict for forall? false
[[35m Debug  [0m] verdict for exists? false
[[35m Debug  [0m] verdict for find? false
[[35m Debug  [0m] verdict for groupBy? false
[[35m Debug  [0m] verdict for takeWhile? false
[[35m Debug  [0m] verdict for dropWhile? false
[[35m Debug  [0m] verdict for count? false
[[35m Debug  [0m] verdict for indexWhere? false
[[35m Debug  [0m] verdict for toSet? false
[[35m Debug  [0m] verdict for fill? false
[[35m Debug  [0m] verdict for range? false
[[35m Debug  [0m] verdict for mkString? false
[[35m Debug  [0m] verdict for flatten? false
[[35m Debug  [0m] verdict for isSorted? false
[[35m Debug  [0m] verdict for sorted? false
[[35m Debug  [0m] verdict for sortedIns? false
[[35m Debug  [0m] verdict for toMap? false
[[35m Debug  [0m] verdict for unapply? false
[[35m Debug  [0m] verdict for snocIndex? false
[[35m Debug  [0m] verdict for consIndex? false
[[35m Debug  [0m] verdict for reverseIndex? false
[[35m Debug  [0m] verdict for snocLast? false
[[35m Debug  [0m] verdict for headReverseLast? false
[[35m Debug  [0m] verdict for appendIndex? false
[[35m Debug  [0m] verdict for appendAssoc? false
[[35m Debug  [0m] verdict for rightUnitAppend? false
[[35m Debug  [0m] verdict for leftUnitAppend? false
[[35m Debug  [0m] verdict for snocIsAppend? false
[[35m Debug  [0m] verdict for snocAfterAppend? false
[[35m Debug  [0m] verdict for snocReverse? false
[[35m Debug  [0m] verdict for reverseReverse? false
[[35m Debug  [0m] verdict for reverseAppend? false
[[35m Debug  [0m] verdict for snocFoldRight? false
[[35m Debug  [0m] verdict for folds? false
[[35m Debug  [0m] verdict for scanVsFoldLeft? false
[[35m Debug  [0m] verdict for scanVsFoldRight? false
[[35m Debug  [0m] verdict for appendContent? false
[[35m Debug  [0m] verdict for flattenPreservesContent? false
[[35m Debug  [0m] verdict for appendUpdate? false
[[35m Debug  [0m] verdict for appendTakeDrop? false
[[35m Debug  [0m] verdict for appendInsert? false
[[35m Debug  [0m] verdict for applyForAll? false
[[35m Debug  [0m] verdict for State? false
[[35m Debug  [0m] verdict for newState? false
[[35m Debug  [0m] verdict for nextBoolean? false
[[35m Debug  [0m] verdict for nativeNextBoolean? false
[[35m Debug  [0m] verdict for nextInt? false
[[35m Debug  [0m] verdict for nativeNextInt? false
[[35m Debug  [0m] verdict for nextInt? false
[[35m Debug  [0m] verdict for nativeNextInt? false
[[35m Debug  [0m] verdict for nextBigInt? false
[[35m Debug  [0m] verdict for nativeNextBigInt? false
[[35m Debug  [0m] verdict for nextBigInt? false
[[35m Debug  [0m] verdict for nativeNextBigInt? false
[[35m Debug  [0m] verdict for FileOutputStream? false
[[35m Debug  [0m] verdict for open? false
[[35m Debug  [0m] verdict for close? false
[[35m Debug  [0m] verdict for isOpen? false
[[35m Debug  [0m] verdict for write? false
[[35m Debug  [0m] verdict for write? false
[[35m Debug  [0m] verdict for write? false
[[35m Debug  [0m] verdict for State? false
[[35m Debug  [0m] verdict for newState? false
[[35m Debug  [0m] verdict for FileInputStream? false
[[35m Debug  [0m] verdict for open? false
[[35m Debug  [0m] verdict for close? false
[[35m Debug  [0m] verdict for isOpen? false
[[35m Debug  [0m] verdict for readInt? false
[[35m Debug  [0m] verdict for nativeReadInt? false
[[35m Debug  [0m] verdict for print? false
[[35m Debug  [0m] verdict for println? false
[[35m Debug  [0m] verdict for print? false
[[35m Debug  [0m] verdict for println? false
[[35m Debug  [0m] verdict for print? false
[[35m Debug  [0m] verdict for println? false
[[35m Debug  [0m] verdict for println? false
[[35m Debug  [0m] verdict for readInt? false
[[35m Debug  [0m] verdict for nativeReadInt? false
[[35m Debug  [0m] verdict for readBigInt? false
[[35m Debug  [0m] verdict for nativeReadBigInt? false
[[35m Debug  [0m] verdict for readBoolean? false
[[35m Debug  [0m] verdict for nativeReadBoolean? false
[[35m Debug  [0m] verdict for min? false
[[35m Debug  [0m] verdict for max? false
[[35m Debug  [0m] verdict for min? false
[[35m Debug  [0m] verdict for max? false
[[35m Debug  [0m] verdict for abs? false
[[35m Debug  [0m] verdict for Either? false
[[35m Debug  [0m] verdict for Left? false
[[35m Debug  [0m] verdict for Right? false
[[35m Debug  [0m] verdict for isLeft? false
[[35m Debug  [0m] verdict for isRight? false
[[35m Debug  [0m] verdict for swap? false
[[35m Debug  [0m] verdict for isLeft? false
[[35m Debug  [0m] verdict for isRight? false
[[35m Debug  [0m] verdict for swap? false
[[35m Debug  [0m] verdict for isLeft? false
[[35m Debug  [0m] verdict for isRight? false
[[35m Debug  [0m] verdict for swap? false
[[35m Debug  [0m] verdict for Option? false
[[35m Debug  [0m] verdict for Some? false
[[35m Debug  [0m] verdict for None? false
[[35m Debug  [0m] verdict for get? false
[[35m Debug  [0m] verdict for getOrElse? false
[[35m Debug  [0m] verdict for orElse? false
[[35m Debug  [0m] verdict for isEmpty? false
[[35m Debug  [0m] verdict for nonEmpty? false
[[35m Debug  [0m] verdict for isDefined? false
[[35m Debug  [0m] verdict for map? false
[[35m Debug  [0m] verdict for flatMap? false
[[35m Debug  [0m] verdict for filter? false
[[35m Debug  [0m] verdict for withFilter? false
[[35m Debug  [0m] verdict for forall? false
[[35m Debug  [0m] verdict for exists? false
[[35m Debug  [0m] verdict for toSet? false
[[35m Debug  [0m] verdict for empty? false
[[35m Debug  [0m] verdict for Ensuring? false
[[35m Debug  [0m] verdict for ensuring? false
[[35m Debug  [0m] verdict for any2Ensuring? false
[[35m Debug  [0m] verdict for require? false
[[35m Debug  [0m] verdict for assert? false
[[35m Debug  [0m] verdict for FunctionSpecs0? false
[[35m Debug  [0m] verdict for FunctionSpecs1? false
[[35m Debug  [0m] verdict for FunctionSpecs2? false
[[35m Debug  [0m] verdict for FunctionSpecs3? false
[[35m Debug  [0m] verdict for FunctionSpecs4? false
[[35m Debug  [0m] verdict for SpecsDecorations? false
[[35m Debug  [0m] verdict for StringDecorations? false
[[35m Debug  [0m] verdict for because? false
[[35m Debug  [0m] verdict for FunctionSpecs0? false
[[35m Debug  [0m] verdict for requires? false
[[35m Debug  [0m] verdict for ensures? false
[[35m Debug  [0m] verdict for FunctionSpecs1? false
[[35m Debug  [0m] verdict for requires? false
[[35m Debug  [0m] verdict for ensures? false
[[35m Debug  [0m] verdict for FunctionSpecs2? false
[[35m Debug  [0m] verdict for requires? false
[[35m Debug  [0m] verdict for ensures? false
[[35m Debug  [0m] verdict for FunctionSpecs3? false
[[35m Debug  [0m] verdict for requires? false
[[35m Debug  [0m] verdict for FunctionSpecs4? false
[[35m Debug  [0m] verdict for SpecsDecorations? false
[[35m Debug  [0m] verdict for StringDecorations? false
[[35m Debug  [0m] verdict for tupleToString? false
[[35m Debug  [0m] verdict for print? false
[[35m Debug  [0m] verdict for empty? false
[[35m Debug  [0m] verdict for mkString? false
[[35m Debug  [0m] verdict for empty? false
[[35m Debug  [0m] verdict for mkString? false
[[35m Debug  [0m] verdict for escape? false
[[35m Debug  [0m] verdict for Rational? false
[[35m Debug  [0m] verdict for +? false
[[35m Debug  [0m] verdict for -? false
[[35m Debug  [0m] verdict for unary_-? false
[[35m Debug  [0m] verdict for *? false
[[35m Debug  [0m] verdict for /? false
[[35m Debug  [0m] verdict for reciprocal? false
[[35m Debug  [0m] verdict for ~? false
[[35m Debug  [0m] verdict for <? false
[[35m Debug  [0m] verdict for <=? false
[[35m Debug  [0m] verdict for >? false
[[35m Debug  [0m] verdict for >=? false
[[35m Debug  [0m] verdict for nonZero? false
[[35m Debug  [0m] verdict for isRational? false
[[35m Debug  [0m] verdict for normalize? false
[[35m Debug  [0m] verdict for inv? false
[[35m Debug  [0m] verdict for bigIntToRat? false
[[35m Debug  [0m] verdict for apply? false
[[35m Debug  [0m] verdict for Box? false
[[35m Debug  [0m] verdict for load? true
[[35m Debug  [0m] verdict for extract? true
[[35m Debug  [0m] Removing <> from graph
[[1mInternal[0m] Couldn't find parent Box of Nat in <Nat>
[[1mInternal[0m] Please inform the authors of Inox about this message
[[1mInternal[0m] inox.package$FatalError: Couldn't find parent Box of Nat in <Nat>
[[1mInternal[0m] Please inform the authors of Inox about this message
